TN:
SF:src\domain\entities\product.entity.ts
FN:8,ProductEntity
FN:17,fromObject
FNF:2
FNH:2
FNDA:1,ProductEntity
FNDA:2,fromObject
DA:1,1
DA:2,1
DA:3,1
DA:4,1
DA:5,1
DA:6,1
DA:7,1
DA:8,1
DA:9,1
DA:10,1
DA:11,1
DA:12,1
DA:13,1
DA:14,1
DA:15,1
DA:16,1
DA:17,1
DA:18,2
DA:19,2
DA:20,2
DA:21,2
DA:22,2
DA:23,1
DA:24,1
DA:25,2
DA:26,0
DA:27,0
DA:28,2
DA:29,0
DA:30,0
DA:31,2
DA:32,0
DA:33,0
DA:34,2
DA:35,0
DA:36,0
DA:37,1
DA:38,2
DA:39,2
DA:40,1
LF:40
LH:32
BRDA:8,0,0,1
BRDA:17,1,0,2
BRDA:22,2,0,1
BRDA:25,3,0,0
BRDA:28,4,0,1
BRDA:28,5,0,0
BRDA:31,6,0,1
BRDA:31,7,0,0
BRDA:34,8,0,1
BRDA:34,9,0,0
BRDA:37,10,0,1
BRF:11
BRH:7
end_of_record
TN:
SF:src\domain\errors\custom.error.ts
FN:2,CustomError
FN:10,badRequest
FN:13,unathorized
FN:16,forbidden
FN:19,notfound
FN:22,internalServer
FNF:6
FNH:2
FNDA:1,CustomError
FNDA:1,badRequest
FNDA:0,unathorized
FNDA:0,forbidden
FNDA:0,notfound
FNDA:0,internalServer
DA:1,1
DA:2,1
DA:3,1
DA:4,1
DA:5,1
DA:6,1
DA:7,1
DA:8,1
DA:9,1
DA:10,1
DA:11,1
DA:12,1
DA:13,1
DA:14,0
DA:15,0
DA:16,1
DA:17,0
DA:18,0
DA:19,1
DA:20,0
DA:21,0
DA:22,1
DA:23,0
DA:24,0
DA:25,1
LF:25
LH:17
BRDA:2,0,0,1
BRDA:10,1,0,1
BRF:2
BRH:2
end_of_record
